<?xml version="1.0" encoding="UTF-8"?>
<!-- Generated by org.testng.reporters.JUnitXMLReporter -->
<testsuite hostname="SivaKrishnan-Home" ignored="0" name="Verification Of Price list and People Api" tests="1" failures="1" timestamp="28 Sep 2021 08:00:50 GMT" time="29.229" errors="0">
  <testcase name="feature" time="28.959" classname="MyRunner.TestRunner">
    <failure type="cucumber.runtime.CucumberException" message="java.lang.AssertionError: Lists differ at element [0]: Chewbacca != Beru Whitesun lars expected [Chewbacca] but found [Beru Whitesun lars]">
      <![CDATA[cucumber.runtime.CucumberException: java.lang.AssertionError: Lists differ at element [0]: Chewbacca != Beru Whitesun lars expected [Chewbacca] but found [Beru Whitesun lars]
at cucumber.api.testng.TestNGCucumberRunner.runCucumber(TestNGCucumberRunner.java:69)
at MyRunner.TestRunner.feature(TestRunner.java:36)
at java.util.concurrent.FutureTask.run(Unknown Source)
at java.util.concurrent.ThreadPoolExecutor.runWorker(Unknown Source)
at java.util.concurrent.ThreadPoolExecutor$Worker.run(Unknown Source)
at java.lang.Thread.run(Unknown Source)
Caused by: java.lang.AssertionError: Lists differ at element [0]: Chewbacca != Beru Whitesun lars expected [Chewbacca] but found [Beru Whitesun lars]
at stepDefinitions.ToDoStepDefinition.verify_that_following_is_the_ten_returned_By_Api(ToDoStepDefinition.java:124)
at ✽.Then Verify that following is the ten "Darth Vader,Chewbacca,Roos Tarpals,Rugor Nass,Yarael Poof,Lama Su,Tuan Wu,Grievous,Tarfful,Tion Medon" returned By Api(todo.feature:26)
... Removed 21 stack frames]]>
    </failure>
  </testcase> <!-- feature -->
</testsuite> <!-- Verification Of Price list and People Api -->
