<?xml version="1.0" encoding="UTF-8"?>
<testsuite xmlns:xsi="http://www.w3.org/2001/XMLSchema-instance" xsi:noNamespaceSchemaLocation="https://maven.apache.org/surefire/maven-surefire-plugin/xsd/surefire-test-report.xsd" name="TestSuite" time="35.097" tests="1" errors="0" skipped="0" failures="1">
  <properties>
[...]
</properties>
  <testcase name="feature" classname="MyRunner.TestRunner" time="34.352">
    <failure message="org.openqa.selenium.NoSuchElementException: no such element: Unable to locate element: {&quot;method&quot;:&quot;xpath&quot;,&quot;selector&quot;:&quot;/html/body/div[5]/div/div/form/div[2]/span/label&quot;}&#10;  (Session info: chrome=93.0.4577.82)&#10;For documentation on this error, please visit: http://seleniumhq.org/exceptions/no_such_element.html&#10;Build info: version: &apos;3.11.0&apos;, revision: &apos;e59cfb3&apos;, time: &apos;2018-03-11T20:26:55.152Z&apos;&#10;System info: host: &apos;SIVAKRISHNAN-HO&apos;, ip: &apos;192.168.45.55&apos;, os.name: &apos;Windows 10&apos;, os.arch: &apos;amd64&apos;, os.version: &apos;10.0&apos;, java.version: &apos;1.8.0_271&apos;&#10;Driver info: org.openqa.selenium.chrome.ChromeDriver&#10;Capabilities {acceptInsecureCerts: false, browserName: chrome, browserVersion: 93.0.4577.82, chrome: {chromedriverVersion: 93.0.4577.63 (ff5c0da2ec0ad..., userDataDir: C:\Users\SIVAKR~1\AppData\L...}, goog:chromeOptions: {debuggerAddress: localhost:49371}, javascriptEnabled: true, networkConnectionEnabled: false, pageLoadStrategy: normal, platform: WINDOWS, platformName: WINDOWS, proxy: Proxy(), setWindowRect: true, strictFileInteractability: false, timeouts: {implicit: 0, pageLoad: 300000, script: 30000}, unhandledPromptBehavior: dismiss and notify, webauthn:extension:credBlob: true, webauthn:extension:largeBlob: true, webauthn:virtualAuthenticators: true}&#10;Session ID: 8bda21764b8e79e3a050732c6081022f&#10;*** Element info: {Using=xpath, value=/html/body/div[5]/div/div/form/div[2]/span/label}" type="cucumber.runtime.CucumberException">cucumber.runtime.CucumberException: 
org.openqa.selenium.NoSuchElementException: no such element: Unable to locate element: {"method":"xpath","selector":"/html/body/div[5]/div/div/form/div[2]/span/label"}
  (Session info: chrome=93.0.4577.82)
For documentation on this error, please visit: http://seleniumhq.org/exceptions/no_such_element.html
Build info: version: '3.11.0', revision: 'e59cfb3', time: '2018-03-11T20:26:55.152Z'
System info: host: 'SIVAKRISHNAN-HO', ip: '192.168.45.55', os.name: 'Windows 10', os.arch: 'amd64', os.version: '10.0', java.version: '1.8.0_271'
Driver info: org.openqa.selenium.chrome.ChromeDriver
Capabilities {acceptInsecureCerts: false, browserName: chrome, browserVersion: 93.0.4577.82, chrome: {chromedriverVersion: 93.0.4577.63 (ff5c0da2ec0ad..., userDataDir: C:\Users\SIVAKR~1\AppData\L...}, goog:chromeOptions: {debuggerAddress: localhost:49371}, javascriptEnabled: true, networkConnectionEnabled: false, pageLoadStrategy: normal, platform: WINDOWS, platformName: WINDOWS, proxy: Proxy(), setWindowRect: true, strictFileInteractability: false, timeouts: {implicit: 0, pageLoad: 300000, script: 30000}, unhandledPromptBehavior: dismiss and notify, webauthn:extension:credBlob: true, webauthn:extension:largeBlob: true, webauthn:virtualAuthenticators: true}
Session ID: 8bda21764b8e79e3a050732c6081022f
*** Element info: {Using=xpath, value=/html/body/div[5]/div/div/form/div[2]/span/label}
	at MyRunner.TestRunner.feature(TestRunner.java:36)
Caused by: org.openqa.selenium.NoSuchElementException: 
no such element: Unable to locate element: {"method":"xpath","selector":"/html/body/div[5]/div/div/form/div[2]/span/label"}
  (Session info: chrome=93.0.4577.82)
For documentation on this error, please visit: http://seleniumhq.org/exceptions/no_such_element.html
Build info: version: '3.11.0', revision: 'e59cfb3', time: '2018-03-11T20:26:55.152Z'
System info: host: 'SIVAKRISHNAN-HO', ip: '192.168.45.55', os.name: 'Windows 10', os.arch: 'amd64', os.version: '10.0', java.version: '1.8.0_271'
Driver info: org.openqa.selenium.chrome.ChromeDriver
Capabilities {acceptInsecureCerts: false, browserName: chrome, browserVersion: 93.0.4577.82, chrome: {chromedriverVersion: 93.0.4577.63 (ff5c0da2ec0ad..., userDataDir: C:\Users\SIVAKR~1\AppData\L...}, goog:chromeOptions: {debuggerAddress: localhost:49371}, javascriptEnabled: true, networkConnectionEnabled: false, pageLoadStrategy: normal, platform: WINDOWS, platformName: WINDOWS, proxy: Proxy(), setWindowRect: true, strictFileInteractability: false, timeouts: {implicit: 0, pageLoad: 300000, script: 30000}, unhandledPromptBehavior: dismiss and notify, webauthn:extension:credBlob: true, webauthn:extension:largeBlob: true, webauthn:virtualAuthenticators: true}
Session ID: 8bda21764b8e79e3a050732c6081022f
*** Element info: {Using=xpath, value=/html/body/div[5]/div/div/form/div[2]/span/label}
</failure>
    <system-out><![CDATA[Feature: Add new item to ToDO list

  Scenario: Verification Of Plan Details                             &amp#27;[90m# todo.feature:3&amp#27;[0m
    &amp#27;[32mGiven &amp#27;[0m&amp#27;[32muser is on home Page&amp#27;[0m                                       &amp#27;[90m# ToDoStepDefinition.user_already_on_home_page()&amp#27;[0m
    &amp#27;[32mThen &amp#27;[0m&amp#27;[32mVerify SPEND and SAVE menu is appears on home page&amp#27;[0m          &amp#27;[90m# ToDoStepDefinition.verify_SPEND_and_SAVE_menu_is_appears_on_home_page()&amp#27;[0m
    &amp#27;[32mAnd &amp#27;[0m&amp#27;[32mVerify the Aspiration and Aspiration Plus products available&amp#27;[0m &amp#27;[90m# ToDoStepDefinition.verify_the_Aspiration_and_Aspiration_Plus_products_available()&amp#27;[0m
    &amp#27;[32mAnd &amp#27;[0m&amp#27;[32mSelect Aspiration menu and verify Signup option is appears&amp#27;[0m   &amp#27;[90m# ToDoStepDefinition.select_Aspiration_menu_and_verify_Signup_option_is_appears()&amp#27;[0m
    &amp#27;[31mAnd &amp#27;[0m&amp#27;[31mVerify Prices of monthly and yearly plan&amp#27;[0m                     &amp#27;[90m# ToDoStepDefinition.verify_Prices_of_monthly_and_yearly_plan()&amp#27;[0m
      &amp#27;[31morg.openqa.selenium.NoSuchElementException: no such element: Unable to locate element: {"method":"xpath","selector":"/html/body/div[5]/div/div/form/div[2]/span/label"}
        (Session info: chrome=93.0.4577.82)
      For documentation on this error, please visit: http://seleniumhq.org/exceptions/no_such_element.html
      Build info: version: '3.11.0', revision: 'e59cfb3', time: '2018-03-11T20:26:55.152Z'
      System info: host: 'SIVAKRISHNAN-HO', ip: '192.168.45.55', os.name: 'Windows 10', os.arch: 'amd64', os.version: '10.0', java.version: '1.8.0_271'
      Driver info: org.openqa.selenium.chrome.ChromeDriver
      Capabilities {acceptInsecureCerts: false, browserName: chrome, browserVersion: 93.0.4577.82, chrome: {chromedriverVersion: 93.0.4577.63 (ff5c0da2ec0ad..., userDataDir: C:\Users\SIVAKR~1\AppData\L...}, goog:chromeOptions: {debuggerAddress: localhost:49371}, javascriptEnabled: true, networkConnectionEnabled: false, pageLoadStrategy: normal, platform: WINDOWS, platformName: WINDOWS, proxy: Proxy(), setWindowRect: true, strictFileInteractability: false, timeouts: {implicit: 0, pageLoad: 300000, script: 30000}, unhandledPromptBehavior: dismiss and notify, webauthn:extension:credBlob: true, webauthn:extension:largeBlob: true, webauthn:virtualAuthenticators: true}
      Session ID: 8bda21764b8e79e3a050732c6081022f
      *** Element info: {Using=xpath, value=/html/body/div[5]/div/div/form/div[2]/span/label}
      	at sun.reflect.NativeConstructorAccessorImpl.newInstance0(Native Method)
      	at sun.reflect.NativeConstructorAccessorImpl.newInstance(Unknown Source)
      	at sun.reflect.DelegatingConstructorAccessorImpl.newInstance(Unknown Source)
      	at java.lang.reflect.Constructor.newInstance(Unknown Source)
      	at org.openqa.selenium.remote.http.W3CHttpResponseCodec.createException(W3CHttpResponseCodec.java:187)
      	at org.openqa.selenium.remote.http.W3CHttpResponseCodec.decode(W3CHttpResponseCodec.java:122)
      	at org.openqa.selenium.remote.http.W3CHttpResponseCodec.decode(W3CHttpResponseCodec.java:49)
      	at org.openqa.selenium.remote.HttpCommandExecutor.execute(HttpCommandExecutor.java:158)
      	at org.openqa.selenium.remote.service.DriverCommandExecutor.execute(DriverCommandExecutor.java:83)
      	at org.openqa.selenium.remote.RemoteWebDriver.execute(RemoteWebDriver.java:545)
      	at org.openqa.selenium.remote.RemoteWebDriver.findElement(RemoteWebDriver.java:319)
      	at org.openqa.selenium.remote.RemoteWebDriver.findElementByXPath(RemoteWebDriver.java:421)
      	at org.openqa.selenium.By$ByXPath.findElement(By.java:361)
      	at org.openqa.selenium.remote.RemoteWebDriver.findElement(RemoteWebDriver.java:311)
      	at pages.HomePage.verifyMonthlyPlan(HomePage.java:73)
      	at stepDefinitions.ToDoStepDefinition.verify_Prices_of_monthly_and_yearly_plan(ToDoStepDefinition.java:72)
      	at ?.And Verify Prices of monthly and yearly plan(todo.feature:9)
      &amp#27;[0m
    &amp#27;[36mThen &amp#27;[0m&amp#27;[36mClose the browser&amp#27;[0m                                           &amp#27;[90m# ToDoStepDefinition.close_the_browser()&amp#27;[0m

  @smoke
  Scenario: Verification Of People Api returns response as 200 &amp#27;[90m# todo.feature:13&amp#27;[0m
    &amp#27;[32mThen &amp#27;[0m&amp#27;[32mverify People Api returns &amp#27;[0m&amp#27;[32m&amp#27;[1m200&amp#27;[0m&amp#27;[32m as response code&amp#27;[0m        &amp#27;[90m# ToDoStepDefinition.verify_People_Api_returns_as_response_code(int)&amp#27;[0m

  @smoke
  Scenario Outline: Verify that height is greater than 200                                         &amp#27;[90m# todo.feature:17&amp#27;[0m
    &amp#27;[36mThen &amp#27;[0m&amp#27;[36mVerify that the total number of people "<total>" where height is greater than two hundred&amp#27;[0m

    Examples: 
10

  @smoke
  Scenario Outline: Verify that height is greater than 200                                    &amp#27;[90m# todo.feature:21&amp#27;[0m
    &amp#27;[32mThen &amp#27;[0m&amp#27;[32mVerify that the total number of people "&amp#27;[0m&amp#27;[32m&amp#27;[1m10&amp#27;[0m&amp#27;[32m" where height is greater than two hundred&amp#27;[0m &amp#27;[90m# ToDoStepDefinition.verify_that_the_total_number_of_people_where_height_is_greater_than_two_hundred(String)&amp#27;[0m

  @smoke
  Scenario Outline: Verify the 10 individual People                  &amp#27;[90m# todo.feature:25&amp#27;[0m
    &amp#27;[36mThen &amp#27;[0m&amp#27;[36mVerify that following is the ten "<people>" returned By Api&amp#27;[0m

    Examples: 

  @smoke
  Scenario Outline: Verify the 10 individual People                                                                                                               &amp#27;[90m# todo.feature:29&amp#27;[0m
    &amp#27;[31mThen &amp#27;[0m&amp#27;[31mVerify that following is the ten "&amp#27;[0m&amp#27;[31m&amp#27;[1mDarth Vader,Chewbacca,Roos Tarpals,Rugor Nass,Yarael Poof,Lama Su,Tuan Wu,Grievous,Tarfful,Tion Medon&amp#27;[0m&amp#27;[31m" returned By Api&amp#27;[0m &amp#27;[90m# ToDoStepDefinition.verify_that_following_is_the_ten_returned_By_Api(String)&amp#27;[0m
      &amp#27;[31mjava.lang.AssertionError: Lists differ at element [0]: Chewbacca != Beru Whitesun lars expected [Chewbacca] but found [Beru Whitesun lars]
      	at org.testng.Assert.fail(Assert.java:96)
      	at org.testng.Assert.failNotEquals(Assert.java:776)
      	at org.testng.Assert.assertEqualsImpl(Assert.java:137)
      	at org.testng.Assert.assertEquals(Assert.java:831)
      	at org.testng.Assert.assertEquals(Assert.java:796)
      	at stepDefinitions.ToDoStepDefinition.verify_that_following_is_the_ten_returned_By_Api(ToDoStepDefinition.java:124)
      	at ?.Then Verify that following is the ten "Darth Vader,Chewbacca,Roos Tarpals,Rugor Nass,Yarael Poof,Lama Su,Tuan Wu,Grievous,Tarfful,Tion Medon" returned By Api(todo.feature:26)
      &amp#27;[0m
]]></system-out>
    <system-err><![CDATA[SLF4J: Failed to load class "org.slf4j.impl.StaticLoggerBinder".
SLF4J: Defaulting to no-operation (NOP) logger implementation
SLF4J: See http://www.slf4j.org/codes.html#StaticLoggerBinder for further details.
Starting ChromeDriver 93.0.4577.63 (ff5c0da2ec0adeaed5550e6c7e98417dac77d98a-refs/branch-heads/4577@{#1135}) on port 43842
Only local connections are allowed.
Please see https://chromedriver.chromium.org/security-considerations for suggestions on keeping ChromeDriver safe.
ChromeDriver was started successfully.
Sep 28, 2021 1:34:37 PM org.openqa.selenium.remote.ProtocolHandshake createSession
INFO: Detected dialect: W3C
]]></system-err>
  </testcase>
</testsuite>